<?xml version="1.0" encoding="UTF-8"?>
<!-- Generated by org.testng.reporters.JUnitReportReporter -->
<testsuite hostname="LAPTOP-REGOSD9Q" name="myPackage.SmokeTest" tests="1" failures="0" timestamp="12 Apr 2016 22:28:50 GMT" time="58.787" errors="0">
  <testcase name="loginTest" time="58.787" classname="myPackage.SmokeTest"/>
</testsuite> <!-- myPackage.SmokeTest -->
